mode: set
commitlog/main.go:27.13,30.2 2 1
commitlog/main.go:32.25,33.16 1 0
commitlog/main.go:33.16,35.3 1 0
commitlog/main.go:38.42,40.23 2 0
commitlog/main.go:46.2,46.12 1 0
commitlog/main.go:40.23,41.45 1 0
commitlog/main.go:41.45,43.4 1 0
commitlog/main.go:49.62,51.39 2 0
commitlog/main.go:60.2,60.14 1 0
commitlog/main.go:51.39,52.23 1 0
commitlog/main.go:52.23,53.54 1 0
commitlog/main.go:53.54,56.5 2 0
commitlog/main.go:63.65,65.29 2 0
commitlog/main.go:71.2,71.12 1 0
commitlog/main.go:65.29,66.30 1 0
commitlog/main.go:66.30,68.4 1 0
commitlog/main.go:75.44,78.16 3 0
commitlog/main.go:81.2,81.42 1 0
commitlog/main.go:78.16,80.3 1 0
commitlog/main.go:84.13,88.2 2 0
commitlog/main.go:91.55,92.14 1 0
commitlog/main.go:95.2,97.10 3 0
commitlog/main.go:92.14,94.3 1 0
commitlog/main.go:104.56,105.14 1 0
commitlog/main.go:108.2,112.10 5 0
commitlog/main.go:105.14,107.3 1 0
commitlog/main.go:115.18,125.2 7 0
commitlog/main.go:129.17,135.57 5 0
commitlog/main.go:149.2,152.21 4 0
commitlog/main.go:135.57,136.55 1 0
commitlog/main.go:139.3,139.54 1 0
commitlog/main.go:146.3,146.14 1 0
commitlog/main.go:136.55,138.4 1 0
commitlog/main.go:139.54,141.13 2 0
commitlog/main.go:141.13,144.5 2 0
commitlog/main.go:158.66,159.39 1 0
commitlog/main.go:187.2,187.14 1 0
commitlog/main.go:159.39,160.23 1 0
commitlog/main.go:164.3,164.61 1 0
commitlog/main.go:168.3,168.63 1 0
commitlog/main.go:174.3,174.34 1 0
commitlog/main.go:180.3,180.32 1 0
commitlog/main.go:160.23,161.12 1 0
commitlog/main.go:164.61,166.4 1 0
commitlog/main.go:168.63,169.66 1 0
commitlog/main.go:169.66,171.5 1 0
commitlog/main.go:174.34,175.36 1 0
commitlog/main.go:175.36,177.5 1 0
commitlog/main.go:180.32,181.34 1 0
commitlog/main.go:181.34,183.5 1 0
commitlog/main.go:190.93,191.45 1 0
commitlog/main.go:191.45,193.18 2 0
commitlog/main.go:197.3,199.36 3 0
commitlog/main.go:209.3,209.14 1 0
commitlog/main.go:193.18,195.4 1 0
commitlog/main.go:199.36,200.27 1 0
commitlog/main.go:205.4,207.15 3 0
commitlog/main.go:200.27,204.5 3 0
commitlog/main.go:213.43,214.42 1 0
commitlog/main.go:222.2,222.13 1 0
commitlog/main.go:214.42,215.26 1 0
commitlog/main.go:218.3,220.18 3 0
commitlog/main.go:215.26,217.4 1 0
commitlog/main.go:225.65,226.32 1 0
commitlog/main.go:232.2,232.12 1 0
commitlog/main.go:226.32,227.16 1 0
commitlog/main.go:227.16,229.4 1 0
commitlog/main.go:235.113,236.45 1 0
commitlog/main.go:236.45,240.36 4 0
commitlog/main.go:243.3,246.36 4 0
commitlog/main.go:269.3,269.14 1 0
commitlog/main.go:240.36,242.4 1 0
commitlog/main.go:246.36,247.27 1 0
commitlog/main.go:255.4,262.15 8 0
commitlog/main.go:247.27,253.5 4 0
commitlog/main.go:273.114,274.44 1 0
commitlog/main.go:274.44,275.27 1 0
commitlog/main.go:278.3,278.43 1 0
commitlog/main.go:292.3,292.14 1 0
commitlog/main.go:275.27,277.4 1 0
commitlog/main.go:278.43,280.27 2 0
commitlog/main.go:280.27,286.5 4 0
commitlog/main.go:286.10,290.5 3 0
commitlog/main.go:296.45,304.2 6 0
commitlog/main.go:307.35,325.2 12 0
commitlog/main.go:329.12,365.2 18 0
commitlog/simple.go:12.19,14.2 1 1
commitlog/simple.go:17.25,22.2 2 0
